<?xml version="1.0" encoding="UTF-8"?>
<testsuite xmlns:xsi="http://www.w3.org/2001/XMLSchema-instance" xsi:noNamespaceSchemaLocation="https://maven.apache.org/surefire/maven-surefire-plugin/xsd/surefire-test-report.xsd" version="3.0.2" name="com.example.myobjectserver.MyObjectServerApplicationTests" time="3.338" tests="1" errors="0" skipped="0" failures="0">
  <properties>
    <property name="java.specification.version" value="17"/>
    <property name="sun.cpu.isalist" value="amd64"/>
    <property name="sun.jnu.encoding" value="GBK"/>
    <property name="java.class.path" value="C:\Users\KORE\Desktop\MyObject\MyObject-server\target\test-classes;C:\Users\KORE\Desktop\MyObject\MyObject-server\target\classes;C:\Users\KORE\.m2\repository\com\baomidou\mybatis-plus-spring-boot3-starter\3.5.9\mybatis-plus-spring-boot3-starter-3.5.9.jar;C:\Users\KORE\.m2\repository\com\baomidou\mybatis-plus\3.5.9\mybatis-plus-3.5.9.jar;C:\Users\KORE\.m2\repository\com\baomidou\mybatis-plus-core\3.5.9\mybatis-plus-core-3.5.9.jar;C:\Users\KORE\.m2\repository\com\baomidou\mybatis-plus-annotation\3.5.9\mybatis-plus-annotation-3.5.9.jar;C:\Users\KORE\.m2\repository\com\baomidou\mybatis-plus-spring\3.5.9\mybatis-plus-spring-3.5.9.jar;C:\Users\KORE\.m2\repository\org\mybatis\mybatis\3.5.16\mybatis-3.5.16.jar;C:\Users\KORE\.m2\repository\org\mybatis\mybatis-spring\3.0.4\mybatis-spring-3.0.4.jar;C:\Users\KORE\.m2\repository\com\baomidou\mybatis-plus-spring-boot-autoconfigure\3.5.9\mybatis-plus-spring-boot-autoconfigure-3.5.9.jar;C:\Users\KORE\.m2\repository\org\springframework\boot\spring-boot-autoconfigure\3.4.1-SNAPSHOT\spring-boot-autoconfigure-3.4.1-SNAPSHOT.jar;C:\Users\KORE\.m2\repository\org\springframework\boot\spring-boot\3.4.1-SNAPSHOT\spring-boot-3.4.1-SNAPSHOT.jar;C:\Users\KORE\.m2\repository\com\baomidou\mybatis-plus-jsqlparser\3.5.9\mybatis-plus-jsqlparser-3.5.9.jar;C:\Users\KORE\.m2\repository\com\github\jsqlparser\jsqlparser\5.0\jsqlparser-5.0.jar;C:\Users\KORE\.m2\repository\com\baomidou\mybatis-plus-jsqlparser-common\3.5.9\mybatis-plus-jsqlparser-common-3.5.9.jar;C:\Users\KORE\.m2\repository\com\baomidou\mybatis-plus-extension\3.5.9\mybatis-plus-extension-3.5.9.jar;C:\Users\KORE\.m2\repository\org\springframework\boot\spring-boot-starter-jdbc\3.4.1-SNAPSHOT\spring-boot-starter-jdbc-3.4.1-SNAPSHOT.jar;C:\Users\KORE\.m2\repository\org\springframework\boot\spring-boot-starter\3.4.1-SNAPSHOT\spring-boot-starter-3.4.1-SNAPSHOT.jar;C:\Users\KORE\.m2\repository\org\springframework\boot\spring-boot-starter-logging\3.4.1-SNAPSHOT\spring-boot-starter-logging-3.4.1-SNAPSHOT.jar;C:\Users\KORE\.m2\repository\ch\qos\logback\logback-classic\1.5.12\logback-classic-1.5.12.jar;C:\Users\KORE\.m2\repository\ch\qos\logback\logback-core\1.5.12\logback-core-1.5.12.jar;C:\Users\KORE\.m2\repository\org\apache\logging\log4j\log4j-to-slf4j\2.24.3\log4j-to-slf4j-2.24.3.jar;C:\Users\KORE\.m2\repository\org\apache\logging\log4j\log4j-api\2.24.3\log4j-api-2.24.3.jar;C:\Users\KORE\.m2\repository\org\slf4j\jul-to-slf4j\2.0.16\jul-to-slf4j-2.0.16.jar;C:\Users\KORE\.m2\repository\jakarta\annotation\jakarta.annotation-api\2.1.1\jakarta.annotation-api-2.1.1.jar;C:\Users\KORE\.m2\repository\org\yaml\snakeyaml\2.3\snakeyaml-2.3.jar;C:\Users\KORE\.m2\repository\com\zaxxer\HikariCP\5.1.0\HikariCP-5.1.0.jar;C:\Users\KORE\.m2\repository\org\slf4j\slf4j-api\2.0.16\slf4j-api-2.0.16.jar;C:\Users\KORE\.m2\repository\org\springframework\spring-jdbc\6.2.1\spring-jdbc-6.2.1.jar;C:\Users\KORE\.m2\repository\org\springframework\spring-beans\6.2.1\spring-beans-6.2.1.jar;C:\Users\KORE\.m2\repository\org\springframework\spring-tx\6.2.1\spring-tx-6.2.1.jar;C:\Users\KORE\.m2\repository\com\mysql\mysql-connector-j\8.3.0\mysql-connector-j-8.3.0.jar;C:\Users\KORE\.m2\repository\org\springframework\boot\spring-boot-starter-web\3.4.1-SNAPSHOT\spring-boot-starter-web-3.4.1-SNAPSHOT.jar;C:\Users\KORE\.m2\repository\org\springframework\boot\spring-boot-starter-json\3.4.1-SNAPSHOT\spring-boot-starter-json-3.4.1-SNAPSHOT.jar;C:\Users\KORE\.m2\repository\com\fasterxml\jackson\core\jackson-databind\2.18.2\jackson-databind-2.18.2.jar;C:\Users\KORE\.m2\repository\com\fasterxml\jackson\core\jackson-annotations\2.18.2\jackson-annotations-2.18.2.jar;C:\Users\KORE\.m2\repository\com\fasterxml\jackson\core\jackson-core\2.18.2\jackson-core-2.18.2.jar;C:\Users\KORE\.m2\repository\com\fasterxml\jackson\datatype\jackson-datatype-jdk8\2.18.2\jackson-datatype-jdk8-2.18.2.jar;C:\Users\KORE\.m2\repository\com\fasterxml\jackson\datatype\jackson-datatype-jsr310\2.18.2\jackson-datatype-jsr310-2.18.2.jar;C:\Users\KORE\.m2\repository\com\fasterxml\jackson\module\jackson-module-parameter-names\2.18.2\jackson-module-parameter-names-2.18.2.jar;C:\Users\KORE\.m2\repository\org\springframework\boot\spring-boot-starter-tomcat\3.4.1-SNAPSHOT\spring-boot-starter-tomcat-3.4.1-SNAPSHOT.jar;C:\Users\KORE\.m2\repository\org\apache\tomcat\embed\tomcat-embed-core\10.1.34\tomcat-embed-core-10.1.34.jar;C:\Users\KORE\.m2\repository\org\apache\tomcat\embed\tomcat-embed-el\10.1.34\tomcat-embed-el-10.1.34.jar;C:\Users\KORE\.m2\repository\org\apache\tomcat\embed\tomcat-embed-websocket\10.1.34\tomcat-embed-websocket-10.1.34.jar;C:\Users\KORE\.m2\repository\org\springframework\spring-web\6.2.1\spring-web-6.2.1.jar;C:\Users\KORE\.m2\repository\io\micrometer\micrometer-observation\1.14.2\micrometer-observation-1.14.2.jar;C:\Users\KORE\.m2\repository\io\micrometer\micrometer-commons\1.14.2\micrometer-commons-1.14.2.jar;C:\Users\KORE\.m2\repository\org\springframework\spring-webmvc\6.2.1\spring-webmvc-6.2.1.jar;C:\Users\KORE\.m2\repository\org\springframework\spring-context\6.2.1\spring-context-6.2.1.jar;C:\Users\KORE\.m2\repository\org\springframework\spring-expression\6.2.1\spring-expression-6.2.1.jar;C:\Users\KORE\.m2\repository\org\projectlombok\lombok\1.18.36\lombok-1.18.36.jar;C:\Users\KORE\.m2\repository\org\springframework\boot\spring-boot-starter-test\3.4.1-SNAPSHOT\spring-boot-starter-test-3.4.1-SNAPSHOT.jar;C:\Users\KORE\.m2\repository\org\springframework\boot\spring-boot-test\3.4.1-SNAPSHOT\spring-boot-test-3.4.1-SNAPSHOT.jar;C:\Users\KORE\.m2\repository\org\springframework\boot\spring-boot-test-autoconfigure\3.4.1-SNAPSHOT\spring-boot-test-autoconfigure-3.4.1-SNAPSHOT.jar;C:\Users\KORE\.m2\repository\com\jayway\jsonpath\json-path\2.9.0\json-path-2.9.0.jar;C:\Users\KORE\.m2\repository\jakarta\xml\bind\jakarta.xml.bind-api\4.0.2\jakarta.xml.bind-api-4.0.2.jar;C:\Users\KORE\.m2\repository\jakarta\activation\jakarta.activation-api\2.1.3\jakarta.activation-api-2.1.3.jar;C:\Users\KORE\.m2\repository\net\minidev\json-smart\2.5.1\json-smart-2.5.1.jar;C:\Users\KORE\.m2\repository\net\minidev\accessors-smart\2.5.1\accessors-smart-2.5.1.jar;C:\Users\KORE\.m2\repository\org\ow2\asm\asm\9.6\asm-9.6.jar;C:\Users\KORE\.m2\repository\org\assertj\assertj-core\3.26.3\assertj-core-3.26.3.jar;C:\Users\KORE\.m2\repository\net\bytebuddy\byte-buddy\1.15.11\byte-buddy-1.15.11.jar;C:\Users\KORE\.m2\repository\org\awaitility\awaitility\4.2.2\awaitility-4.2.2.jar;C:\Users\KORE\.m2\repository\org\hamcrest\hamcrest\2.2\hamcrest-2.2.jar;C:\Users\KORE\.m2\repository\org\junit\jupiter\junit-jupiter\5.11.4\junit-jupiter-5.11.4.jar;C:\Users\KORE\.m2\repository\org\junit\jupiter\junit-jupiter-api\5.11.4\junit-jupiter-api-5.11.4.jar;C:\Users\KORE\.m2\repository\org\opentest4j\opentest4j\1.3.0\opentest4j-1.3.0.jar;C:\Users\KORE\.m2\repository\org\junit\platform\junit-platform-commons\1.11.4\junit-platform-commons-1.11.4.jar;C:\Users\KORE\.m2\repository\org\apiguardian\apiguardian-api\1.1.2\apiguardian-api-1.1.2.jar;C:\Users\KORE\.m2\repository\org\junit\jupiter\junit-jupiter-params\5.11.4\junit-jupiter-params-5.11.4.jar;C:\Users\KORE\.m2\repository\org\junit\jupiter\junit-jupiter-engine\5.11.4\junit-jupiter-engine-5.11.4.jar;C:\Users\KORE\.m2\repository\org\junit\platform\junit-platform-engine\1.11.4\junit-platform-engine-1.11.4.jar;C:\Users\KORE\.m2\repository\org\mockito\mockito-core\5.14.2\mockito-core-5.14.2.jar;C:\Users\KORE\.m2\repository\net\bytebuddy\byte-buddy-agent\1.15.11\byte-buddy-agent-1.15.11.jar;C:\Users\KORE\.m2\repository\org\objenesis\objenesis\3.3\objenesis-3.3.jar;C:\Users\KORE\.m2\repository\org\mockito\mockito-junit-jupiter\5.14.2\mockito-junit-jupiter-5.14.2.jar;C:\Users\KORE\.m2\repository\org\skyscreamer\jsonassert\1.5.3\jsonassert-1.5.3.jar;C:\Users\KORE\.m2\repository\com\vaadin\external\google\android-json\0.0.20131108.vaadin1\android-json-0.0.20131108.vaadin1.jar;C:\Users\KORE\.m2\repository\org\springframework\spring-core\6.2.1\spring-core-6.2.1.jar;C:\Users\KORE\.m2\repository\org\springframework\spring-jcl\6.2.1\spring-jcl-6.2.1.jar;C:\Users\KORE\.m2\repository\org\springframework\spring-test\6.2.1\spring-test-6.2.1.jar;C:\Users\KORE\.m2\repository\org\xmlunit\xmlunit-core\2.10.0\xmlunit-core-2.10.0.jar;C:\Users\KORE\.m2\repository\junit\junit\4.13.2\junit-4.13.2.jar;C:\Users\KORE\.m2\repository\org\hamcrest\hamcrest-core\2.2\hamcrest-core-2.2.jar;C:\Users\KORE\.m2\repository\io\jsonwebtoken\jjwt\0.12.6\jjwt-0.12.6.jar;C:\Users\KORE\.m2\repository\io\jsonwebtoken\jjwt-api\0.12.6\jjwt-api-0.12.6.jar;C:\Users\KORE\.m2\repository\io\jsonwebtoken\jjwt-impl\0.12.6\jjwt-impl-0.12.6.jar;C:\Users\KORE\.m2\repository\io\jsonwebtoken\jjwt-jackson\0.12.6\jjwt-jackson-0.12.6.jar;C:\Users\KORE\.m2\repository\org\springframework\boot\spring-boot-starter-security\3.4.1-SNAPSHOT\spring-boot-starter-security-3.4.1-SNAPSHOT.jar;C:\Users\KORE\.m2\repository\org\springframework\spring-aop\6.2.1\spring-aop-6.2.1.jar;C:\Users\KORE\.m2\repository\org\springframework\security\spring-security-config\6.4.2\spring-security-config-6.4.2.jar;C:\Users\KORE\.m2\repository\org\springframework\security\spring-security-core\6.4.2\spring-security-core-6.4.2.jar;C:\Users\KORE\.m2\repository\org\springframework\security\spring-security-crypto\6.4.2\spring-security-crypto-6.4.2.jar;C:\Users\KORE\.m2\repository\org\springframework\security\spring-security-web\6.4.2\spring-security-web-6.4.2.jar;"/>
    <property name="java.vm.vendor" value="Microsoft"/>
    <property name="sun.arch.data.model" value="64"/>
    <property name="user.variant" value=""/>
    <property name="java.vendor.url" value="https://www.microsoft.com"/>
    <property name="user.timezone" value="Asia/Shanghai"/>
    <property name="os.name" value="Windows 11"/>
    <property name="java.vm.specification.version" value="17"/>
    <property name="APPLICATION_NAME" value="my-object-server"/>
    <property name="sun.java.launcher" value="SUN_STANDARD"/>
    <property name="user.country" value="CN"/>
    <property name="sun.boot.library.path" value="C:\Program Files\Microsoft\jdk-17.0.12.7-hotspot\bin"/>
    <property name="sun.java.command" value="C:\Users\KORE\AppData\Local\Temp\surefire1316631170657441880\surefirebooter-20250514101808241_3.jar C:\Users\KORE\AppData\Local\Temp\surefire1316631170657441880 2025-05-14T10-18-08_140-jvmRun1 surefire-20250514101808241_1tmp surefire_0-20250514101808241_2tmp"/>
    <property name="jdk.debug" value="release"/>
    <property name="surefire.test.class.path" value="C:\Users\KORE\Desktop\MyObject\MyObject-server\target\test-classes;C:\Users\KORE\Desktop\MyObject\MyObject-server\target\classes;C:\Users\KORE\.m2\repository\com\baomidou\mybatis-plus-spring-boot3-starter\3.5.9\mybatis-plus-spring-boot3-starter-3.5.9.jar;C:\Users\KORE\.m2\repository\com\baomidou\mybatis-plus\3.5.9\mybatis-plus-3.5.9.jar;C:\Users\KORE\.m2\repository\com\baomidou\mybatis-plus-core\3.5.9\mybatis-plus-core-3.5.9.jar;C:\Users\KORE\.m2\repository\com\baomidou\mybatis-plus-annotation\3.5.9\mybatis-plus-annotation-3.5.9.jar;C:\Users\KORE\.m2\repository\com\baomidou\mybatis-plus-spring\3.5.9\mybatis-plus-spring-3.5.9.jar;C:\Users\KORE\.m2\repository\org\mybatis\mybatis\3.5.16\mybatis-3.5.16.jar;C:\Users\KORE\.m2\repository\org\mybatis\mybatis-spring\3.0.4\mybatis-spring-3.0.4.jar;C:\Users\KORE\.m2\repository\com\baomidou\mybatis-plus-spring-boot-autoconfigure\3.5.9\mybatis-plus-spring-boot-autoconfigure-3.5.9.jar;C:\Users\KORE\.m2\repository\org\springframework\boot\spring-boot-autoconfigure\3.4.1-SNAPSHOT\spring-boot-autoconfigure-3.4.1-SNAPSHOT.jar;C:\Users\KORE\.m2\repository\org\springframework\boot\spring-boot\3.4.1-SNAPSHOT\spring-boot-3.4.1-SNAPSHOT.jar;C:\Users\KORE\.m2\repository\com\baomidou\mybatis-plus-jsqlparser\3.5.9\mybatis-plus-jsqlparser-3.5.9.jar;C:\Users\KORE\.m2\repository\com\github\jsqlparser\jsqlparser\5.0\jsqlparser-5.0.jar;C:\Users\KORE\.m2\repository\com\baomidou\mybatis-plus-jsqlparser-common\3.5.9\mybatis-plus-jsqlparser-common-3.5.9.jar;C:\Users\KORE\.m2\repository\com\baomidou\mybatis-plus-extension\3.5.9\mybatis-plus-extension-3.5.9.jar;C:\Users\KORE\.m2\repository\org\springframework\boot\spring-boot-starter-jdbc\3.4.1-SNAPSHOT\spring-boot-starter-jdbc-3.4.1-SNAPSHOT.jar;C:\Users\KORE\.m2\repository\org\springframework\boot\spring-boot-starter\3.4.1-SNAPSHOT\spring-boot-starter-3.4.1-SNAPSHOT.jar;C:\Users\KORE\.m2\repository\org\springframework\boot\spring-boot-starter-logging\3.4.1-SNAPSHOT\spring-boot-starter-logging-3.4.1-SNAPSHOT.jar;C:\Users\KORE\.m2\repository\ch\qos\logback\logback-classic\1.5.12\logback-classic-1.5.12.jar;C:\Users\KORE\.m2\repository\ch\qos\logback\logback-core\1.5.12\logback-core-1.5.12.jar;C:\Users\KORE\.m2\repository\org\apache\logging\log4j\log4j-to-slf4j\2.24.3\log4j-to-slf4j-2.24.3.jar;C:\Users\KORE\.m2\repository\org\apache\logging\log4j\log4j-api\2.24.3\log4j-api-2.24.3.jar;C:\Users\KORE\.m2\repository\org\slf4j\jul-to-slf4j\2.0.16\jul-to-slf4j-2.0.16.jar;C:\Users\KORE\.m2\repository\jakarta\annotation\jakarta.annotation-api\2.1.1\jakarta.annotation-api-2.1.1.jar;C:\Users\KORE\.m2\repository\org\yaml\snakeyaml\2.3\snakeyaml-2.3.jar;C:\Users\KORE\.m2\repository\com\zaxxer\HikariCP\5.1.0\HikariCP-5.1.0.jar;C:\Users\KORE\.m2\repository\org\slf4j\slf4j-api\2.0.16\slf4j-api-2.0.16.jar;C:\Users\KORE\.m2\repository\org\springframework\spring-jdbc\6.2.1\spring-jdbc-6.2.1.jar;C:\Users\KORE\.m2\repository\org\springframework\spring-beans\6.2.1\spring-beans-6.2.1.jar;C:\Users\KORE\.m2\repository\org\springframework\spring-tx\6.2.1\spring-tx-6.2.1.jar;C:\Users\KORE\.m2\repository\com\mysql\mysql-connector-j\8.3.0\mysql-connector-j-8.3.0.jar;C:\Users\KORE\.m2\repository\org\springframework\boot\spring-boot-starter-web\3.4.1-SNAPSHOT\spring-boot-starter-web-3.4.1-SNAPSHOT.jar;C:\Users\KORE\.m2\repository\org\springframework\boot\spring-boot-starter-json\3.4.1-SNAPSHOT\spring-boot-starter-json-3.4.1-SNAPSHOT.jar;C:\Users\KORE\.m2\repository\com\fasterxml\jackson\core\jackson-databind\2.18.2\jackson-databind-2.18.2.jar;C:\Users\KORE\.m2\repository\com\fasterxml\jackson\core\jackson-annotations\2.18.2\jackson-annotations-2.18.2.jar;C:\Users\KORE\.m2\repository\com\fasterxml\jackson\core\jackson-core\2.18.2\jackson-core-2.18.2.jar;C:\Users\KORE\.m2\repository\com\fasterxml\jackson\datatype\jackson-datatype-jdk8\2.18.2\jackson-datatype-jdk8-2.18.2.jar;C:\Users\KORE\.m2\repository\com\fasterxml\jackson\datatype\jackson-datatype-jsr310\2.18.2\jackson-datatype-jsr310-2.18.2.jar;C:\Users\KORE\.m2\repository\com\fasterxml\jackson\module\jackson-module-parameter-names\2.18.2\jackson-module-parameter-names-2.18.2.jar;C:\Users\KORE\.m2\repository\org\springframework\boot\spring-boot-starter-tomcat\3.4.1-SNAPSHOT\spring-boot-starter-tomcat-3.4.1-SNAPSHOT.jar;C:\Users\KORE\.m2\repository\org\apache\tomcat\embed\tomcat-embed-core\10.1.34\tomcat-embed-core-10.1.34.jar;C:\Users\KORE\.m2\repository\org\apache\tomcat\embed\tomcat-embed-el\10.1.34\tomcat-embed-el-10.1.34.jar;C:\Users\KORE\.m2\repository\org\apache\tomcat\embed\tomcat-embed-websocket\10.1.34\tomcat-embed-websocket-10.1.34.jar;C:\Users\KORE\.m2\repository\org\springframework\spring-web\6.2.1\spring-web-6.2.1.jar;C:\Users\KORE\.m2\repository\io\micrometer\micrometer-observation\1.14.2\micrometer-observation-1.14.2.jar;C:\Users\KORE\.m2\repository\io\micrometer\micrometer-commons\1.14.2\micrometer-commons-1.14.2.jar;C:\Users\KORE\.m2\repository\org\springframework\spring-webmvc\6.2.1\spring-webmvc-6.2.1.jar;C:\Users\KORE\.m2\repository\org\springframework\spring-context\6.2.1\spring-context-6.2.1.jar;C:\Users\KORE\.m2\repository\org\springframework\spring-expression\6.2.1\spring-expression-6.2.1.jar;C:\Users\KORE\.m2\repository\org\projectlombok\lombok\1.18.36\lombok-1.18.36.jar;C:\Users\KORE\.m2\repository\org\springframework\boot\spring-boot-starter-test\3.4.1-SNAPSHOT\spring-boot-starter-test-3.4.1-SNAPSHOT.jar;C:\Users\KORE\.m2\repository\org\springframework\boot\spring-boot-test\3.4.1-SNAPSHOT\spring-boot-test-3.4.1-SNAPSHOT.jar;C:\Users\KORE\.m2\repository\org\springframework\boot\spring-boot-test-autoconfigure\3.4.1-SNAPSHOT\spring-boot-test-autoconfigure-3.4.1-SNAPSHOT.jar;C:\Users\KORE\.m2\repository\com\jayway\jsonpath\json-path\2.9.0\json-path-2.9.0.jar;C:\Users\KORE\.m2\repository\jakarta\xml\bind\jakarta.xml.bind-api\4.0.2\jakarta.xml.bind-api-4.0.2.jar;C:\Users\KORE\.m2\repository\jakarta\activation\jakarta.activation-api\2.1.3\jakarta.activation-api-2.1.3.jar;C:\Users\KORE\.m2\repository\net\minidev\json-smart\2.5.1\json-smart-2.5.1.jar;C:\Users\KORE\.m2\repository\net\minidev\accessors-smart\2.5.1\accessors-smart-2.5.1.jar;C:\Users\KORE\.m2\repository\org\ow2\asm\asm\9.6\asm-9.6.jar;C:\Users\KORE\.m2\repository\org\assertj\assertj-core\3.26.3\assertj-core-3.26.3.jar;C:\Users\KORE\.m2\repository\net\bytebuddy\byte-buddy\1.15.11\byte-buddy-1.15.11.jar;C:\Users\KORE\.m2\repository\org\awaitility\awaitility\4.2.2\awaitility-4.2.2.jar;C:\Users\KORE\.m2\repository\org\hamcrest\hamcrest\2.2\hamcrest-2.2.jar;C:\Users\KORE\.m2\repository\org\junit\jupiter\junit-jupiter\5.11.4\junit-jupiter-5.11.4.jar;C:\Users\KORE\.m2\repository\org\junit\jupiter\junit-jupiter-api\5.11.4\junit-jupiter-api-5.11.4.jar;C:\Users\KORE\.m2\repository\org\opentest4j\opentest4j\1.3.0\opentest4j-1.3.0.jar;C:\Users\KORE\.m2\repository\org\junit\platform\junit-platform-commons\1.11.4\junit-platform-commons-1.11.4.jar;C:\Users\KORE\.m2\repository\org\apiguardian\apiguardian-api\1.1.2\apiguardian-api-1.1.2.jar;C:\Users\KORE\.m2\repository\org\junit\jupiter\junit-jupiter-params\5.11.4\junit-jupiter-params-5.11.4.jar;C:\Users\KORE\.m2\repository\org\junit\jupiter\junit-jupiter-engine\5.11.4\junit-jupiter-engine-5.11.4.jar;C:\Users\KORE\.m2\repository\org\junit\platform\junit-platform-engine\1.11.4\junit-platform-engine-1.11.4.jar;C:\Users\KORE\.m2\repository\org\mockito\mockito-core\5.14.2\mockito-core-5.14.2.jar;C:\Users\KORE\.m2\repository\net\bytebuddy\byte-buddy-agent\1.15.11\byte-buddy-agent-1.15.11.jar;C:\Users\KORE\.m2\repository\org\objenesis\objenesis\3.3\objenesis-3.3.jar;C:\Users\KORE\.m2\repository\org\mockito\mockito-junit-jupiter\5.14.2\mockito-junit-jupiter-5.14.2.jar;C:\Users\KORE\.m2\repository\org\skyscreamer\jsonassert\1.5.3\jsonassert-1.5.3.jar;C:\Users\KORE\.m2\repository\com\vaadin\external\google\android-json\0.0.20131108.vaadin1\android-json-0.0.20131108.vaadin1.jar;C:\Users\KORE\.m2\repository\org\springframework\spring-core\6.2.1\spring-core-6.2.1.jar;C:\Users\KORE\.m2\repository\org\springframework\spring-jcl\6.2.1\spring-jcl-6.2.1.jar;C:\Users\KORE\.m2\repository\org\springframework\spring-test\6.2.1\spring-test-6.2.1.jar;C:\Users\KORE\.m2\repository\org\xmlunit\xmlunit-core\2.10.0\xmlunit-core-2.10.0.jar;C:\Users\KORE\.m2\repository\junit\junit\4.13.2\junit-4.13.2.jar;C:\Users\KORE\.m2\repository\org\hamcrest\hamcrest-core\2.2\hamcrest-core-2.2.jar;C:\Users\KORE\.m2\repository\io\jsonwebtoken\jjwt\0.12.6\jjwt-0.12.6.jar;C:\Users\KORE\.m2\repository\io\jsonwebtoken\jjwt-api\0.12.6\jjwt-api-0.12.6.jar;C:\Users\KORE\.m2\repository\io\jsonwebtoken\jjwt-impl\0.12.6\jjwt-impl-0.12.6.jar;C:\Users\KORE\.m2\repository\io\jsonwebtoken\jjwt-jackson\0.12.6\jjwt-jackson-0.12.6.jar;C:\Users\KORE\.m2\repository\org\springframework\boot\spring-boot-starter-security\3.4.1-SNAPSHOT\spring-boot-starter-security-3.4.1-SNAPSHOT.jar;C:\Users\KORE\.m2\repository\org\springframework\spring-aop\6.2.1\spring-aop-6.2.1.jar;C:\Users\KORE\.m2\repository\org\springframework\security\spring-security-config\6.4.2\spring-security-config-6.4.2.jar;C:\Users\KORE\.m2\repository\org\springframework\security\spring-security-core\6.4.2\spring-security-core-6.4.2.jar;C:\Users\KORE\.m2\repository\org\springframework\security\spring-security-crypto\6.4.2\spring-security-crypto-6.4.2.jar;C:\Users\KORE\.m2\repository\org\springframework\security\spring-security-web\6.4.2\spring-security-web-6.4.2.jar;"/>
    <property name="sun.cpu.endian" value="little"/>
    <property name="user.home" value="C:\Users\KORE"/>
    <property name="user.language" value="zh"/>
    <property name="java.specification.vendor" value="Oracle Corporation"/>
    <property name="java.version.date" value="2024-07-16"/>
    <property name="java.home" value="C:\Program Files\Microsoft\jdk-17.0.12.7-hotspot"/>
    <property name="file.separator" value="\"/>
    <property name="basedir" value="C:\Users\KORE\Desktop\MyObject\MyObject-server"/>
    <property name="java.vm.compressedOopsMode" value="Zero based"/>
    <property name="line.separator" value="&#10;"/>
    <property name="java.vm.specification.vendor" value="Oracle Corporation"/>
    <property name="java.specification.name" value="Java Platform API Specification"/>
    <property name="FILE_LOG_CHARSET" value="GBK"/>
    <property name="java.awt.headless" value="true"/>
    <property name="surefire.real.class.path" value="C:\Users\KORE\AppData\Local\Temp\surefire1316631170657441880\surefirebooter-20250514101808241_3.jar"/>
    <property name="user.script" value=""/>
    <property name="sun.management.compiler" value="HotSpot 64-Bit Tiered Compilers"/>
    <property name="java.runtime.version" value="17.0.12+7-LTS"/>
    <property name="user.name" value="KORE"/>
    <property name="path.separator" value=";"/>
    <property name="os.version" value="10.0"/>
    <property name="java.runtime.name" value="OpenJDK Runtime Environment"/>
    <property name="file.encoding" value="GBK"/>
    <property name="java.vm.name" value="OpenJDK 64-Bit Server VM"/>
    <property name="java.vendor.version" value="Microsoft-9889599"/>
    <property name="localRepository" value="C:\Users\KORE\.m2\repository"/>
    <property name="java.vendor.url.bug" value="https://github.com/microsoft/openjdk/issues"/>
    <property name="java.io.tmpdir" value="C:\Users\KORE\AppData\Local\Temp\"/>
    <property name="idea.version" value="2024.2.0.2"/>
    <property name="java.version" value="17.0.12"/>
    <property name="user.dir" value="C:\Users\KORE\Desktop\MyObject\MyObject-server"/>
    <property name="os.arch" value="amd64"/>
    <property name="java.vm.specification.name" value="Java Virtual Machine Specification"/>
    <property name="PID" value="73516"/>
    <property name="sun.os.patch.level" value=""/>
    <property name="CONSOLE_LOG_CHARSET" value="GBK"/>
    <property name="native.encoding" value="GBK"/>
    <property name="java.library.path" value="C:\Program Files\Microsoft\jdk-17.0.12.7-hotspot\bin;C:\WINDOWS\Sun\Java\bin;C:\WINDOWS\system32;C:\WINDOWS;c:\Users\KORE\AppData\Local\Programs\cursor\resources\app\bin;C:\Program Files\Microsoft\jdk-17.0.12.7-hotspot\bin;C:\WINDOWS\system32;C:\WINDOWS;C:\WINDOWS\System32\Wbem;C:\WINDOWS\System32\WindowsPowerShell\v1.0\;C:\WINDOWS\System32\OpenSSH\;C:\Program Files\dotnet\;C:\Program Files (x86)\NVIDIA Corporation\PhysX\Common;C:\My\softwear\ideas\Environment\node;C:\My\softwear\ideas\Environment\Mysql\mysql-8.0.39-winx64\bin;;C:\Program Files\NVIDIA Corporation\NVIDIA app\NvDLISR;C:\Users\KORE\AppData\Local\Programs\Python\Python313\Scripts\;C:\Users\KORE\AppData\Local\Programs\Python\Python313\;C:\Users\KORE\AppData\Local\Programs\Python\Launcher\;C:\Users\KORE\AppData\Local\Microsoft\WindowsApps;C:\Users\KORE\AppData\Roaming\npm;;c:\Users\KORE\AppData\Local\Programs\cursor\resources\app\bin;C:\My\softwear\xShell\;C:\My\softwear\XFTP\;C:\Users\KORE\AppData\Local\Programs\Python\Python313\Scripts\;C:\Users\KORE\AppData\Local\Programs\Python\Python313\;C:\Users\KORE\AppData\Local\Programs\Python\Launcher\;C:\Users\KORE\AppData\Local\Microsoft\WindowsApps;C:\Users\KORE\AppData\Roaming\npm;;."/>
    <property name="java.vm.info" value="mixed mode, sharing"/>
    <property name="java.vendor" value="Microsoft"/>
    <property name="java.vm.version" value="17.0.12+7-LTS"/>
    <property name="sun.io.unicode.encoding" value="UnicodeLittle"/>
    <property name="java.class.version" value="61.0"/>
    <property name="LOGGED_APPLICATION_NAME" value="[my-object-server] "/>
  </properties>
  <testcase name="contextLoads" classname="com.example.myobjectserver.MyObjectServerApplicationTests" time="0.561">
    <system-out><![CDATA[10:18:08.800 [main] INFO org.springframework.test.context.support.AnnotationConfigContextLoaderUtils -- Could not detect default configuration classes for test class [com.example.myobjectserver.MyObjectServerApplicationTests]: MyObjectServerApplicationTests does not declare any static, non-private, non-final, nested classes annotated with @Configuration.
10:18:08.876 [main] INFO org.springframework.boot.test.context.SpringBootTestContextBootstrapper -- Found @SpringBootConfiguration com.example.myobjectserver.MyObjectServerApplication for test class com.example.myobjectserver.MyObjectServerApplicationTests

  .   ____          _            __ _ _
 /\\ / ___'_ __ _ _(_)_ __  __ _ \ \ \ \
( ( )\___ | '_ | '_| | '_ \/ _` | \ \ \ \
 \\/  ___)| |_)| | | | | || (_| |  ) ) ) )
  '  |____| .__|_| |_|_| |_\__, | / / / /
 =========|_|==============|___/=/_/_/_/

 :: Spring Boot ::       (v3.4.1-SNAPSHOT)

2025-05-14T10:18:09.197+08:00  INFO 73516 --- [my-object-server] [           main] c.e.m.MyObjectServerApplicationTests     : Starting MyObjectServerApplicationTests using Java 17.0.12 with PID 73516 (started by KORE in C:\Users\KORE\Desktop\MyObject\MyObject-server)
2025-05-14T10:18:09.198+08:00  INFO 73516 --- [my-object-server] [           main] c.e.m.MyObjectServerApplicationTests     : No active profile set, falling back to 1 default profile: "default"
 _ _   |_  _ _|_. ___ _ |    _ 
| | |\/|_)(_| | |_\  |_)||_|_\ 
     /               |         
                        3.5.9 
2025-05-14T10:18:10.533+08:00  INFO 73516 --- [my-object-server] [           main] r$InitializeUserDetailsManagerConfigurer : Global AuthenticationManager configured with UserDetailsService bean with name usersServiceImpl
2025-05-14T10:18:11.442+08:00  INFO 73516 --- [my-object-server] [           main] c.e.m.MyObjectServerApplicationTests     : Started MyObjectServerApplicationTests in 2.434 seconds (process running for 3.126)
]]></system-out>
  </testcase>
</testsuite>